This file contains any messages produced by compilers while
running configure, to aid debugging if configure makes a mistake.

It was created by gtkmm-plplot configure 2.2, which was
generated by GNU Autoconf 2.69.  Invocation command line was

  $ ./configure 

## --------- ##
## Platform. ##
## --------- ##

hostname = linux
uname -m = x86_64
uname -r = 4.13.0-46-generic
uname -s = Linux
uname -v = #51-Ubuntu SMP Tue Jun 12 12:36:29 UTC 2018

/usr/bin/uname -p = unknown
/bin/uname -X     = unknown

/bin/arch              = unknown
/usr/bin/arch -k       = unknown
/usr/convex/getsysinfo = unknown
/usr/bin/hostinfo      = unknown
/bin/machine           = unknown
/usr/bin/oslevel       = unknown
/bin/universe          = unknown

PATH: /usr/local/sbin
PATH: /usr/local/bin
PATH: /usr/sbin
PATH: /usr/bin
PATH: /sbin
PATH: /bin
PATH: /usr/games
PATH: /usr/local/games
PATH: /snap/bin


## ----------- ##
## Core tests. ##
## ----------- ##

configure:2585: checking for a BSD-compatible install
configure:2653: result: /usr/bin/install -c
configure:2664: checking whether build environment is sane
configure:2719: result: yes
configure:2870: checking for a thread-safe mkdir -p
configure:2909: result: /bin/mkdir -p
configure:2916: checking for gawk
configure:2932: found /usr/bin/gawk
configure:2943: result: gawk
configure:2954: checking whether make sets $(MAKE)
configure:2976: result: yes
configure:3005: checking whether make supports nested variables
configure:3022: result: yes
configure:3152: checking build system type
configure:3166: result: x86_64-unknown-linux-gnu
configure:3186: checking host system type
configure:3199: result: x86_64-unknown-linux-gnu
configure:3242: checking for style of include used by make
configure:3270: result: GNU
configure:3341: checking for gcc
configure:3357: found /usr/bin/gcc
configure:3368: result: gcc
configure:3597: checking for C compiler version
configure:3606: gcc --version >&5
gcc (Ubuntu 7.2.0-8ubuntu3.2) 7.2.0
Copyright (C) 2017 Free Software Foundation, Inc.
This is free software; see the source for copying conditions.  There is NO
warranty; not even for MERCHANTABILITY or FITNESS FOR A PARTICULAR PURPOSE.

configure:3617: $? = 0
configure:3606: gcc -v >&5
Using built-in specs.
COLLECT_GCC=gcc
COLLECT_LTO_WRAPPER=/usr/lib/gcc/x86_64-linux-gnu/7/lto-wrapper
OFFLOAD_TARGET_NAMES=nvptx-none
OFFLOAD_TARGET_DEFAULT=1
Target: x86_64-linux-gnu
Configured with: ../src/configure -v --with-pkgversion='Ubuntu 7.2.0-8ubuntu3.2' --with-bugurl=file:///usr/share/doc/gcc-7/README.Bugs --enable-languages=c,ada,c++,go,brig,d,fortran,objc,obj-c++ --prefix=/usr --with-gcc-major-version-only --program-suffix=-7 --program-prefix=x86_64-linux-gnu- --enable-shared --enable-linker-build-id --libexecdir=/usr/lib --without-included-gettext --enable-threads=posix --libdir=/usr/lib --enable-nls --with-sysroot=/ --enable-clocale=gnu --enable-libstdcxx-debug --enable-libstdcxx-time=yes --with-default-libstdcxx-abi=new --enable-gnu-unique-object --disable-vtable-verify --enable-libmpx --enable-plugin --enable-default-pie --with-system-zlib --with-target-system-zlib --enable-objc-gc=auto --enable-multiarch --disable-werror --with-arch-32=i686 --with-abi=m64 --with-multilib-list=m32,m64,mx32 --enable-multilib --with-tune=generic --enable-offload-targets=nvptx-none --without-cuda-driver --enable-checking=release --build=x86_64-linux-gnu --host=x86_64-linux-gnu --target=x86_64-linux-gnu
Thread model: posix
gcc version 7.2.0 (Ubuntu 7.2.0-8ubuntu3.2) 
configure:3617: $? = 0
configure:3606: gcc -V >&5
gcc: error: unrecognized command line option '-V'
gcc: fatal error: no input files
compilation terminated.
configure:3617: $? = 1
configure:3606: gcc -qversion >&5
gcc: error: unrecognized command line option '-qversion'; did you mean '--version'?
gcc: fatal error: no input files
compilation terminated.
configure:3617: $? = 1
configure:3637: checking whether the C compiler works
configure:3659: gcc    conftest.c  >&5
configure:3663: $? = 0
configure:3711: result: yes
configure:3714: checking for C compiler default output file name
configure:3716: result: a.out
configure:3722: checking for suffix of executables
configure:3729: gcc -o conftest    conftest.c  >&5
configure:3733: $? = 0
configure:3755: result: 
configure:3777: checking whether we are cross compiling
configure:3785: gcc -o conftest    conftest.c  >&5
configure:3789: $? = 0
configure:3796: ./conftest
configure:3800: $? = 0
configure:3815: result: no
configure:3820: checking for suffix of object files
configure:3842: gcc -c   conftest.c >&5
configure:3846: $? = 0
configure:3867: result: o
configure:3871: checking whether we are using the GNU C compiler
configure:3890: gcc -c   conftest.c >&5
configure:3890: $? = 0
configure:3899: result: yes
configure:3908: checking whether gcc accepts -g
configure:3928: gcc -c -g  conftest.c >&5
configure:3928: $? = 0
configure:3969: result: yes
configure:3986: checking for gcc option to accept ISO C89
configure:4049: gcc  -c -g -O2  conftest.c >&5
configure:4049: $? = 0
configure:4062: result: none needed
configure:4087: checking whether gcc understands -c and -o together
configure:4109: gcc -c conftest.c -o conftest2.o
configure:4112: $? = 0
configure:4109: gcc -c conftest.c -o conftest2.o
configure:4112: $? = 0
configure:4124: result: yes
configure:4143: checking dependency style of gcc
configure:4254: result: gcc3
configure:4275: checking how to run the C preprocessor
configure:4306: gcc -E  conftest.c
configure:4306: $? = 0
configure:4320: gcc -E  conftest.c
conftest.c:11:10: fatal error: ac_nonexistent.h: No such file or directory
 #include <ac_nonexistent.h>
          ^~~~~~~~~~~~~~~~~~
compilation terminated.
configure:4320: $? = 1
configure: failed program was:
| /* confdefs.h */
| #define PACKAGE_NAME "gtkmm-plplot"
| #define PACKAGE_TARNAME "gtkmm-plplot"
| #define PACKAGE_VERSION "2.2"
| #define PACKAGE_STRING "gtkmm-plplot 2.2"
| #define PACKAGE_BUGREPORT "tom.schoonjans@me.com"
| #define PACKAGE_URL "https://github.com/tschoonj/gtkmm-plplot"
| #define PACKAGE "gtkmm-plplot"
| #define VERSION "2.2"
| /* end confdefs.h.  */
| #include <ac_nonexistent.h>
configure:4345: result: gcc -E
configure:4365: gcc -E  conftest.c
configure:4365: $? = 0
configure:4379: gcc -E  conftest.c
conftest.c:11:10: fatal error: ac_nonexistent.h: No such file or directory
 #include <ac_nonexistent.h>
          ^~~~~~~~~~~~~~~~~~
compilation terminated.
configure:4379: $? = 1
configure: failed program was:
| /* confdefs.h */
| #define PACKAGE_NAME "gtkmm-plplot"
| #define PACKAGE_TARNAME "gtkmm-plplot"
| #define PACKAGE_VERSION "2.2"
| #define PACKAGE_STRING "gtkmm-plplot 2.2"
| #define PACKAGE_BUGREPORT "tom.schoonjans@me.com"
| #define PACKAGE_URL "https://github.com/tschoonj/gtkmm-plplot"
| #define PACKAGE "gtkmm-plplot"
| #define VERSION "2.2"
| /* end confdefs.h.  */
| #include <ac_nonexistent.h>
configure:4408: checking for grep that handles long lines and -e
configure:4466: result: /bin/grep
configure:4471: checking for egrep
configure:4533: result: /bin/grep -E
configure:4538: checking for ANSI C header files
configure:4558: gcc -c -g -O2  conftest.c >&5
configure:4558: $? = 0
configure:4631: gcc -o conftest -g -O2   conftest.c  >&5
configure:4631: $? = 0
configure:4631: ./conftest
configure:4631: $? = 0
configure:4642: result: yes
configure:4655: checking for sys/types.h
configure:4655: gcc -c -g -O2  conftest.c >&5
configure:4655: $? = 0
configure:4655: result: yes
configure:4655: checking for sys/stat.h
configure:4655: gcc -c -g -O2  conftest.c >&5
configure:4655: $? = 0
configure:4655: result: yes
configure:4655: checking for stdlib.h
configure:4655: gcc -c -g -O2  conftest.c >&5
configure:4655: $? = 0
configure:4655: result: yes
configure:4655: checking for string.h
configure:4655: gcc -c -g -O2  conftest.c >&5
configure:4655: $? = 0
configure:4655: result: yes
configure:4655: checking for memory.h
configure:4655: gcc -c -g -O2  conftest.c >&5
configure:4655: $? = 0
configure:4655: result: yes
configure:4655: checking for strings.h
configure:4655: gcc -c -g -O2  conftest.c >&5
configure:4655: $? = 0
configure:4655: result: yes
configure:4655: checking for inttypes.h
configure:4655: gcc -c -g -O2  conftest.c >&5
configure:4655: $? = 0
configure:4655: result: yes
configure:4655: checking for stdint.h
configure:4655: gcc -c -g -O2  conftest.c >&5
configure:4655: $? = 0
configure:4655: result: yes
configure:4655: checking for unistd.h
configure:4655: gcc -c -g -O2  conftest.c >&5
configure:4655: $? = 0
configure:4655: result: yes
configure:4668: checking minix/config.h usability
configure:4668: gcc -c -g -O2  conftest.c >&5
conftest.c:54:10: fatal error: minix/config.h: No such file or directory
 #include <minix/config.h>
          ^~~~~~~~~~~~~~~~
compilation terminated.
configure:4668: $? = 1
configure: failed program was:
| /* confdefs.h */
| #define PACKAGE_NAME "gtkmm-plplot"
| #define PACKAGE_TARNAME "gtkmm-plplot"
| #define PACKAGE_VERSION "2.2"
| #define PACKAGE_STRING "gtkmm-plplot 2.2"
| #define PACKAGE_BUGREPORT "tom.schoonjans@me.com"
| #define PACKAGE_URL "https://github.com/tschoonj/gtkmm-plplot"
| #define PACKAGE "gtkmm-plplot"
| #define VERSION "2.2"
| #define STDC_HEADERS 1
| #define HAVE_SYS_TYPES_H 1
| #define HAVE_SYS_STAT_H 1
| #define HAVE_STDLIB_H 1
| #define HAVE_STRING_H 1
| #define HAVE_MEMORY_H 1
| #define HAVE_STRINGS_H 1
| #define HAVE_INTTYPES_H 1
| #define HAVE_STDINT_H 1
| #define HAVE_UNISTD_H 1
| /* end confdefs.h.  */
| #include <stdio.h>
| #ifdef HAVE_SYS_TYPES_H
| # include <sys/types.h>
| #endif
| #ifdef HAVE_SYS_STAT_H
| # include <sys/stat.h>
| #endif
| #ifdef STDC_HEADERS
| # include <stdlib.h>
| # include <stddef.h>
| #else
| # ifdef HAVE_STDLIB_H
| #  include <stdlib.h>
| # endif
| #endif
| #ifdef HAVE_STRING_H
| # if !defined STDC_HEADERS && defined HAVE_MEMORY_H
| #  include <memory.h>
| # endif
| # include <string.h>
| #endif
| #ifdef HAVE_STRINGS_H
| # include <strings.h>
| #endif
| #ifdef HAVE_INTTYPES_H
| # include <inttypes.h>
| #endif
| #ifdef HAVE_STDINT_H
| # include <stdint.h>
| #endif
| #ifdef HAVE_UNISTD_H
| # include <unistd.h>
| #endif
| #include <minix/config.h>
configure:4668: result: no
configure:4668: checking minix/config.h presence
configure:4668: gcc -E  conftest.c
conftest.c:21:10: fatal error: minix/config.h: No such file or directory
 #include <minix/config.h>
          ^~~~~~~~~~~~~~~~
compilation terminated.
configure:4668: $? = 1
configure: failed program was:
| /* confdefs.h */
| #define PACKAGE_NAME "gtkmm-plplot"
| #define PACKAGE_TARNAME "gtkmm-plplot"
| #define PACKAGE_VERSION "2.2"
| #define PACKAGE_STRING "gtkmm-plplot 2.2"
| #define PACKAGE_BUGREPORT "tom.schoonjans@me.com"
| #define PACKAGE_URL "https://github.com/tschoonj/gtkmm-plplot"
| #define PACKAGE "gtkmm-plplot"
| #define VERSION "2.2"
| #define STDC_HEADERS 1
| #define HAVE_SYS_TYPES_H 1
| #define HAVE_SYS_STAT_H 1
| #define HAVE_STDLIB_H 1
| #define HAVE_STRING_H 1
| #define HAVE_MEMORY_H 1
| #define HAVE_STRINGS_H 1
| #define HAVE_INTTYPES_H 1
| #define HAVE_STDINT_H 1
| #define HAVE_UNISTD_H 1
| /* end confdefs.h.  */
| #include <minix/config.h>
configure:4668: result: no
configure:4668: checking for minix/config.h
configure:4668: result: no
configure:4689: checking whether it is safe to define __EXTENSIONS__
configure:4707: gcc -c -g -O2  conftest.c >&5
configure:4707: $? = 0
configure:4714: result: yes
configure:4777: checking for ar
configure:4793: found /usr/bin/ar
configure:4804: result: ar
configure:4830: checking the archiver (ar) interface
configure:4846: gcc -c -g -O2  conftest.c >&5
configure:4846: $? = 0
configure:4848: ar cru libconftest.a conftest.o >&5
ar: `u' modifier ignored since `D' is the default (see `U')
configure:4851: $? = 0
configure:4879: result: ar
configure:4902: WARNING: Libtool does not cope well with whitespace in `pwd`
configure:4946: checking how to print strings
configure:4973: result: printf
configure:4994: checking for a sed that does not truncate output
configure:5058: result: /bin/sed
configure:5076: checking for fgrep
configure:5138: result: /bin/grep -F
configure:5173: checking for ld used by gcc
configure:5240: result: /usr/bin/ld
configure:5247: checking if the linker (/usr/bin/ld) is GNU ld
configure:5262: result: yes
configure:5274: checking for BSD- or MS-compatible name lister (nm)
configure:5328: result: /usr/bin/nm -B
configure:5458: checking the name lister (/usr/bin/nm -B) interface
configure:5465: gcc -c -g -O2  conftest.c >&5
configure:5468: /usr/bin/nm -B "conftest.o"
configure:5471: output
0000000000000000 B some_variable
configure:5478: result: BSD nm
configure:5481: checking whether ln -s works
configure:5485: result: yes
configure:5493: checking the maximum length of command line arguments
configure:5624: result: 1572864
configure:5672: checking how to convert x86_64-unknown-linux-gnu file names to x86_64-unknown-linux-gnu format
configure:5712: result: func_convert_file_noop
configure:5719: checking how to convert x86_64-unknown-linux-gnu file names to toolchain format
configure:5739: result: func_convert_file_noop
configure:5746: checking for /usr/bin/ld option to reload object files
configure:5753: result: -r
configure:5827: checking for objdump
configure:5843: found /usr/bin/objdump
configure:5854: result: objdump
configure:5886: checking how to recognize dependent libraries
configure:6086: result: pass_all
configure:6171: checking for dlltool
configure:6201: result: no
configure:6231: checking how to associate runtime and link libraries
configure:6258: result: printf %s\n
configure:6382: checking for archiver @FILE support
configure:6399: gcc -c -g -O2  conftest.c >&5
configure:6399: $? = 0
configure:6402: ar cru libconftest.a @conftest.lst >&5
ar: `u' modifier ignored since `D' is the default (see `U')
configure:6405: $? = 0
configure:6410: ar cru libconftest.a @conftest.lst >&5
ar: `u' modifier ignored since `D' is the default (see `U')
ar: conftest.o: No such file or directory
configure:6413: $? = 1
configure:6425: result: @
configure:6483: checking for strip
configure:6499: found /usr/bin/strip
configure:6510: result: strip
configure:6582: checking for ranlib
configure:6598: found /usr/bin/ranlib
configure:6609: result: ranlib
configure:6711: checking command to parse /usr/bin/nm -B output from gcc object
configure:6864: gcc -c -g -O2  conftest.c >&5
configure:6867: $? = 0
configure:6871: /usr/bin/nm -B conftest.o \| sed -n -e 's/^.*[ ]\([ABCDGIRSTW][ABCDGIRSTW]*\)[ ][ ]*\([_A-Za-z][_A-Za-z0-9]*\)$/\1 \2 \2/p' | sed '/ __gnu_lto/d' \> conftest.nm
configure:6874: $? = 0
configure:6940: gcc -o conftest -g -O2   conftest.c conftstm.o >&5
configure:6943: $? = 0
configure:6981: result: ok
configure:7028: checking for sysroot
configure:7058: result: no
configure:7065: checking for a working dd
configure:7103: result: /bin/dd
configure:7107: checking how to truncate binary pipes
configure:7122: result: /bin/dd bs=4096 count=1
configure:7258: gcc -c -g -O2  conftest.c >&5
configure:7261: $? = 0
configure:7451: checking for mt
configure:7467: found /bin/mt
configure:7478: result: mt
configure:7501: checking if mt is a manifest tool
configure:7507: mt '-?'
configure:7515: result: no
configure:8189: checking for dlfcn.h
configure:8189: gcc -c -g -O2  conftest.c >&5
configure:8189: $? = 0
configure:8189: result: yes
configure:8445: checking for objdir
configure:8460: result: .libs
configure:8724: checking if gcc supports -fno-rtti -fno-exceptions
configure:8742: gcc -c -g -O2  -fno-rtti -fno-exceptions conftest.c >&5
cc1: warning: command line option '-fno-rtti' is valid for C++/ObjC++ but not for C
configure:8746: $? = 0
configure:8759: result: no
configure:9117: checking for gcc option to produce PIC
configure:9124: result: -fPIC -DPIC
configure:9132: checking if gcc PIC flag -fPIC -DPIC works
configure:9150: gcc -c -g -O2  -fPIC -DPIC -DPIC conftest.c >&5
configure:9154: $? = 0
configure:9167: result: yes
configure:9196: checking if gcc static flag -static works
configure:9224: result: yes
configure:9239: checking if gcc supports -c -o file.o
configure:9260: gcc -c -g -O2  -o out/conftest2.o conftest.c >&5
configure:9264: $? = 0
configure:9286: result: yes
configure:9294: checking if gcc supports -c -o file.o
configure:9341: result: yes
configure:9374: checking whether the gcc linker (/usr/bin/ld -m elf_x86_64) supports shared libraries
configure:10633: result: yes
configure:10670: checking whether -lc should be explicitly linked in
configure:10678: gcc -c -g -O2  conftest.c >&5
configure:10681: $? = 0
configure:10696: gcc -shared  -fPIC -DPIC conftest.o  -v -Wl,-soname -Wl,conftest -o conftest 2\>\&1 \| /bin/grep  -lc  \>/dev/null 2\>\&1
configure:10699: $? = 0
configure:10713: result: no
configure:10873: checking dynamic linker characteristics
configure:11454: gcc -o conftest -g -O2   -Wl,-rpath -Wl,/foo conftest.c  >&5
configure:11454: $? = 0
configure:11691: result: GNU/Linux ld.so
configure:11813: checking how to hardcode library paths into programs
configure:11838: result: immediate
configure:12386: checking whether stripping libraries is possible
configure:12391: result: yes
configure:12426: checking if libtool supports shared libraries
configure:12428: result: yes
configure:12431: checking whether to build shared libraries
configure:12456: result: yes
configure:12459: checking whether to build static libraries
configure:12463: result: yes
configure:12503: checking whether make supports GNU make features
test 'success' = success
configure:12517: result: yes
configure:12601: checking for gcc
configure:12628: result: gcc
configure:12857: checking for C compiler version
configure:12866: gcc --version >&5
gcc (Ubuntu 7.2.0-8ubuntu3.2) 7.2.0
Copyright (C) 2017 Free Software Foundation, Inc.
This is free software; see the source for copying conditions.  There is NO
warranty; not even for MERCHANTABILITY or FITNESS FOR A PARTICULAR PURPOSE.

configure:12877: $? = 0
configure:12866: gcc -v >&5
Using built-in specs.
COLLECT_GCC=gcc
COLLECT_LTO_WRAPPER=/usr/lib/gcc/x86_64-linux-gnu/7/lto-wrapper
OFFLOAD_TARGET_NAMES=nvptx-none
OFFLOAD_TARGET_DEFAULT=1
Target: x86_64-linux-gnu
Configured with: ../src/configure -v --with-pkgversion='Ubuntu 7.2.0-8ubuntu3.2' --with-bugurl=file:///usr/share/doc/gcc-7/README.Bugs --enable-languages=c,ada,c++,go,brig,d,fortran,objc,obj-c++ --prefix=/usr --with-gcc-major-version-only --program-suffix=-7 --program-prefix=x86_64-linux-gnu- --enable-shared --enable-linker-build-id --libexecdir=/usr/lib --without-included-gettext --enable-threads=posix --libdir=/usr/lib --enable-nls --with-sysroot=/ --enable-clocale=gnu --enable-libstdcxx-debug --enable-libstdcxx-time=yes --with-default-libstdcxx-abi=new --enable-gnu-unique-object --disable-vtable-verify --enable-libmpx --enable-plugin --enable-default-pie --with-system-zlib --with-target-system-zlib --enable-objc-gc=auto --enable-multiarch --disable-werror --with-arch-32=i686 --with-abi=m64 --with-multilib-list=m32,m64,mx32 --enable-multilib --with-tune=generic --enable-offload-targets=nvptx-none --without-cuda-driver --enable-checking=release --build=x86_64-linux-gnu --host=x86_64-linux-gnu --target=x86_64-linux-gnu
Thread model: posix
gcc version 7.2.0 (Ubuntu 7.2.0-8ubuntu3.2) 
configure:12877: $? = 0
configure:12866: gcc -V >&5
gcc: error: unrecognized command line option '-V'
gcc: fatal error: no input files
compilation terminated.
configure:12877: $? = 1
configure:12866: gcc -qversion >&5
gcc: error: unrecognized command line option '-qversion'; did you mean '--version'?
gcc: fatal error: no input files
compilation terminated.
configure:12877: $? = 1
configure:12881: checking whether we are using the GNU C compiler
configure:12909: result: yes
configure:12918: checking whether gcc accepts -g
configure:12979: result: yes
configure:12996: checking for gcc option to accept ISO C89
configure:13072: result: none needed
configure:13097: checking whether gcc understands -c and -o together
configure:13134: result: yes
configure:13153: checking dependency style of gcc
configure:13264: result: gcc3
configure:13299: checking for gcc
configure:13315: found /usr/bin/gcc
configure:13327: result: gcc
configure:13401: checking for g++
configure:13417: found /usr/bin/g++
configure:13428: result: g++
configure:13455: checking for C++ compiler version
configure:13464: g++ --version >&5
g++ (Ubuntu 7.2.0-8ubuntu3.2) 7.2.0
Copyright (C) 2017 Free Software Foundation, Inc.
This is free software; see the source for copying conditions.  There is NO
warranty; not even for MERCHANTABILITY or FITNESS FOR A PARTICULAR PURPOSE.

configure:13475: $? = 0
configure:13464: g++ -v >&5
Using built-in specs.
COLLECT_GCC=g++
COLLECT_LTO_WRAPPER=/usr/lib/gcc/x86_64-linux-gnu/7/lto-wrapper
OFFLOAD_TARGET_NAMES=nvptx-none
OFFLOAD_TARGET_DEFAULT=1
Target: x86_64-linux-gnu
Configured with: ../src/configure -v --with-pkgversion='Ubuntu 7.2.0-8ubuntu3.2' --with-bugurl=file:///usr/share/doc/gcc-7/README.Bugs --enable-languages=c,ada,c++,go,brig,d,fortran,objc,obj-c++ --prefix=/usr --with-gcc-major-version-only --program-suffix=-7 --program-prefix=x86_64-linux-gnu- --enable-shared --enable-linker-build-id --libexecdir=/usr/lib --without-included-gettext --enable-threads=posix --libdir=/usr/lib --enable-nls --with-sysroot=/ --enable-clocale=gnu --enable-libstdcxx-debug --enable-libstdcxx-time=yes --with-default-libstdcxx-abi=new --enable-gnu-unique-object --disable-vtable-verify --enable-libmpx --enable-plugin --enable-default-pie --with-system-zlib --with-target-system-zlib --enable-objc-gc=auto --enable-multiarch --disable-werror --with-arch-32=i686 --with-abi=m64 --with-multilib-list=m32,m64,mx32 --enable-multilib --with-tune=generic --enable-offload-targets=nvptx-none --without-cuda-driver --enable-checking=release --build=x86_64-linux-gnu --host=x86_64-linux-gnu --target=x86_64-linux-gnu
Thread model: posix
gcc version 7.2.0 (Ubuntu 7.2.0-8ubuntu3.2) 
configure:13475: $? = 0
configure:13464: g++ -V >&5
g++: error: unrecognized command line option '-V'
g++: fatal error: no input files
compilation terminated.
configure:13475: $? = 1
configure:13464: g++ -qversion >&5
g++: error: unrecognized command line option '-qversion'; did you mean '--version'?
g++: fatal error: no input files
compilation terminated.
configure:13475: $? = 1
configure:13479: checking whether we are using the GNU C++ compiler
configure:13498: g++ -c   conftest.cpp >&5
configure:13498: $? = 0
configure:13507: result: yes
configure:13516: checking whether g++ accepts -g
configure:13536: g++ -c -g  conftest.cpp >&5
configure:13536: $? = 0
configure:13577: result: yes
configure:13602: checking dependency style of g++
configure:13713: result: gcc3
configure:13746: checking how to run the C++ preprocessor
configure:13773: g++ -E  conftest.cpp
configure:13773: $? = 0
configure:13787: g++ -E  conftest.cpp
conftest.cpp:30:10: fatal error: ac_nonexistent.h: No such file or directory
 #include <ac_nonexistent.h>
          ^~~~~~~~~~~~~~~~~~
compilation terminated.
configure:13787: $? = 1
configure: failed program was:
| /* confdefs.h */
| #define PACKAGE_NAME "gtkmm-plplot"
| #define PACKAGE_TARNAME "gtkmm-plplot"
| #define PACKAGE_VERSION "2.2"
| #define PACKAGE_STRING "gtkmm-plplot 2.2"
| #define PACKAGE_BUGREPORT "tom.schoonjans@me.com"
| #define PACKAGE_URL "https://github.com/tschoonj/gtkmm-plplot"
| #define PACKAGE "gtkmm-plplot"
| #define VERSION "2.2"
| #define STDC_HEADERS 1
| #define HAVE_SYS_TYPES_H 1
| #define HAVE_SYS_STAT_H 1
| #define HAVE_STDLIB_H 1
| #define HAVE_STRING_H 1
| #define HAVE_MEMORY_H 1
| #define HAVE_STRINGS_H 1
| #define HAVE_INTTYPES_H 1
| #define HAVE_STDINT_H 1
| #define HAVE_UNISTD_H 1
| #define __EXTENSIONS__ 1
| #define _ALL_SOURCE 1
| #define _GNU_SOURCE 1
| #define _POSIX_PTHREAD_SEMANTICS 1
| #define _TANDEM_SOURCE 1
| #define HAVE_DLFCN_H 1
| #define LT_OBJDIR ".libs/"
| #define GTKMM_PLPLOT_MAJOR_VERSION 2
| #define GTKMM_PLPLOT_MINOR_VERSION 2
| /* end confdefs.h.  */
| #include <ac_nonexistent.h>
configure:13812: result: g++ -E
configure:13832: g++ -E  conftest.cpp
configure:13832: $? = 0
configure:13846: g++ -E  conftest.cpp
conftest.cpp:30:10: fatal error: ac_nonexistent.h: No such file or directory
 #include <ac_nonexistent.h>
          ^~~~~~~~~~~~~~~~~~
compilation terminated.
configure:13846: $? = 1
configure: failed program was:
| /* confdefs.h */
| #define PACKAGE_NAME "gtkmm-plplot"
| #define PACKAGE_TARNAME "gtkmm-plplot"
| #define PACKAGE_VERSION "2.2"
| #define PACKAGE_STRING "gtkmm-plplot 2.2"
| #define PACKAGE_BUGREPORT "tom.schoonjans@me.com"
| #define PACKAGE_URL "https://github.com/tschoonj/gtkmm-plplot"
| #define PACKAGE "gtkmm-plplot"
| #define VERSION "2.2"
| #define STDC_HEADERS 1
| #define HAVE_SYS_TYPES_H 1
| #define HAVE_SYS_STAT_H 1
| #define HAVE_STDLIB_H 1
| #define HAVE_STRING_H 1
| #define HAVE_MEMORY_H 1
| #define HAVE_STRINGS_H 1
| #define HAVE_INTTYPES_H 1
| #define HAVE_STDINT_H 1
| #define HAVE_UNISTD_H 1
| #define __EXTENSIONS__ 1
| #define _ALL_SOURCE 1
| #define _GNU_SOURCE 1
| #define _POSIX_PTHREAD_SEMANTICS 1
| #define _TANDEM_SOURCE 1
| #define HAVE_DLFCN_H 1
| #define LT_OBJDIR ".libs/"
| #define GTKMM_PLPLOT_MAJOR_VERSION 2
| #define GTKMM_PLPLOT_MINOR_VERSION 2
| /* end confdefs.h.  */
| #include <ac_nonexistent.h>
configure:14008: checking for ld used by g++
configure:14075: result: /usr/bin/ld -m elf_x86_64
configure:14082: checking if the linker (/usr/bin/ld -m elf_x86_64) is GNU ld
configure:14097: result: yes
configure:14152: checking whether the g++ linker (/usr/bin/ld -m elf_x86_64) supports shared libraries
configure:15225: result: yes
configure:15261: g++ -c -g -O2  conftest.cpp >&5
configure:15264: $? = 0
configure:15745: checking for g++ option to produce PIC
configure:15752: result: -fPIC -DPIC
configure:15760: checking if g++ PIC flag -fPIC -DPIC works
configure:15778: g++ -c -g -O2  -fPIC -DPIC -DPIC conftest.cpp >&5
configure:15782: $? = 0
configure:15795: result: yes
configure:15818: checking if g++ static flag -static works
configure:15846: result: yes
configure:15858: checking if g++ supports -c -o file.o
configure:15879: g++ -c -g -O2  -o out/conftest2.o conftest.cpp >&5
configure:15883: $? = 0
configure:15905: result: yes
configure:15910: checking if g++ supports -c -o file.o
configure:15957: result: yes
configure:15987: checking whether the g++ linker (/usr/bin/ld -m elf_x86_64) supports shared libraries
configure:16027: result: yes
configure:16168: checking dynamic linker characteristics
configure:16913: result: GNU/Linux ld.so
configure:16978: checking how to hardcode library paths into programs
configure:17003: result: immediate
configure:17063: checking for g++
configure:17079: found /usr/bin/g++
configure:17091: result: g++
configure:17112: checking whether g++ supports C++11 features by default
configure:17169: g++ -c -g -O2  conftest.cpp >&5
configure:17169: $? = 0
configure:17176: result: yes
configure: this is boost.m4 serial 24
configure:17320: checking for Boost headers version >= 0.0.0
configure:17391: g++ -c -g -O2  conftest.cpp >&5
conftest.cpp:30:10: fatal error: boost/version.hpp: No such file or directory
 #include <boost/version.hpp>
          ^~~~~~~~~~~~~~~~~~~
compilation terminated.
configure:17391: $? = 1
configure: failed program was:
| /* confdefs.h */
| #define PACKAGE_NAME "gtkmm-plplot"
| #define PACKAGE_TARNAME "gtkmm-plplot"
| #define PACKAGE_VERSION "2.2"
| #define PACKAGE_STRING "gtkmm-plplot 2.2"
| #define PACKAGE_BUGREPORT "tom.schoonjans@me.com"
| #define PACKAGE_URL "https://github.com/tschoonj/gtkmm-plplot"
| #define PACKAGE "gtkmm-plplot"
| #define VERSION "2.2"
| #define STDC_HEADERS 1
| #define HAVE_SYS_TYPES_H 1
| #define HAVE_SYS_STAT_H 1
| #define HAVE_STDLIB_H 1
| #define HAVE_STRING_H 1
| #define HAVE_MEMORY_H 1
| #define HAVE_STRINGS_H 1
| #define HAVE_INTTYPES_H 1
| #define HAVE_STDINT_H 1
| #define HAVE_UNISTD_H 1
| #define __EXTENSIONS__ 1
| #define _ALL_SOURCE 1
| #define _GNU_SOURCE 1
| #define _POSIX_PTHREAD_SEMANTICS 1
| #define _TANDEM_SOURCE 1
| #define HAVE_DLFCN_H 1
| #define LT_OBJDIR ".libs/"
| #define GTKMM_PLPLOT_MAJOR_VERSION 2
| #define GTKMM_PLPLOT_MINOR_VERSION 2
| /* end confdefs.h.  */
| #include <boost/version.hpp>
| #if !defined BOOST_VERSION
| # error BOOST_VERSION is not defined
| #elif BOOST_VERSION < 0
| # error Boost headers version < 0
| #endif
| 
| int
| main ()
| {
| 
|   ;
|   return 0;
| }
configure:17412: result: no
configure:17417: cannot find Boost headers version >= 0.0.0
configure:17616: checking for pkg-config
configure:17634: found /usr/bin/pkg-config
configure:17646: result: /usr/bin/pkg-config
configure:17671: checking pkg-config is at least version 0.26
configure:17674: result: yes
configure:17687: checking for gtkmm
configure:17694: $PKG_CONFIG --exists --print-errors "gtkmm-3.0 >= 3.0.0"
Package gtkmm-3.0 was not found in the pkg-config search path.
Perhaps you should add the directory containing `gtkmm-3.0.pc'
to the PKG_CONFIG_PATH environment variable
No package 'gtkmm-3.0' found
configure:17697: $? = 1
configure:17711: $PKG_CONFIG --exists --print-errors "gtkmm-3.0 >= 3.0.0"
Package gtkmm-3.0 was not found in the pkg-config search path.
Perhaps you should add the directory containing `gtkmm-3.0.pc'
to the PKG_CONFIG_PATH environment variable
No package 'gtkmm-3.0' found
configure:17714: $? = 1
configure:17728: result: no
No package 'gtkmm-3.0' found
configure:17744: error: Package requirements (gtkmm-3.0 >= 3.0.0) were not met:

No package 'gtkmm-3.0' found

Consider adjusting the PKG_CONFIG_PATH environment variable if you
installed software in a non-standard prefix.

Alternatively, you may set the environment variables gtkmm_CFLAGS
and gtkmm_LIBS to avoid the need to call pkg-config.
See the pkg-config man page for more details.

## ---------------- ##
## Cache variables. ##
## ---------------- ##

ac_cv_build=x86_64-unknown-linux-gnu
ac_cv_c_compiler_gnu=yes
ac_cv_cxx_compiler_gnu=yes
ac_cv_env_BOOST_ROOT_set=
ac_cv_env_BOOST_ROOT_value=
ac_cv_env_CCC_set=
ac_cv_env_CCC_value=
ac_cv_env_CC_set=
ac_cv_env_CC_value=
ac_cv_env_CFLAGS_set=
ac_cv_env_CFLAGS_value=
ac_cv_env_CPPFLAGS_set=
ac_cv_env_CPPFLAGS_value=
ac_cv_env_CPP_set=
ac_cv_env_CPP_value=
ac_cv_env_CXXCPP_set=
ac_cv_env_CXXCPP_value=
ac_cv_env_CXXFLAGS_set=
ac_cv_env_CXXFLAGS_value=
ac_cv_env_CXX_set=
ac_cv_env_CXX_value=
ac_cv_env_DOT_set=
ac_cv_env_DOT_value=
ac_cv_env_DOXYGEN_set=
ac_cv_env_DOXYGEN_value=
ac_cv_env_LDFLAGS_set=
ac_cv_env_LDFLAGS_value=
ac_cv_env_LIBS_set=
ac_cv_env_LIBS_value=
ac_cv_env_LT_SYS_LIBRARY_PATH_set=
ac_cv_env_LT_SYS_LIBRARY_PATH_value=
ac_cv_env_PERL_set=
ac_cv_env_PERL_value=
ac_cv_env_PKG_CONFIG_LIBDIR_set=
ac_cv_env_PKG_CONFIG_LIBDIR_value=
ac_cv_env_PKG_CONFIG_PATH_set=
ac_cv_env_PKG_CONFIG_PATH_value=
ac_cv_env_PKG_CONFIG_set=
ac_cv_env_PKG_CONFIG_value=
ac_cv_env_XSLTPROC_set=
ac_cv_env_XSLTPROC_value=
ac_cv_env_build_alias_set=
ac_cv_env_build_alias_value=
ac_cv_env_gtkmm_CFLAGS_set=
ac_cv_env_gtkmm_CFLAGS_value=
ac_cv_env_gtkmm_LIBS_set=
ac_cv_env_gtkmm_LIBS_value=
ac_cv_env_host_alias_set=
ac_cv_env_host_alias_value=
ac_cv_env_plplotcxx_CFLAGS_set=
ac_cv_env_plplotcxx_CFLAGS_value=
ac_cv_env_plplotcxx_LIBS_set=
ac_cv_env_plplotcxx_LIBS_value=
ac_cv_env_target_alias_set=
ac_cv_env_target_alias_value=
ac_cv_header_dlfcn_h=yes
ac_cv_header_inttypes_h=yes
ac_cv_header_memory_h=yes
ac_cv_header_minix_config_h=no
ac_cv_header_stdc=yes
ac_cv_header_stdint_h=yes
ac_cv_header_stdlib_h=yes
ac_cv_header_string_h=yes
ac_cv_header_strings_h=yes
ac_cv_header_sys_stat_h=yes
ac_cv_header_sys_types_h=yes
ac_cv_header_unistd_h=yes
ac_cv_host=x86_64-unknown-linux-gnu
ac_cv_objext=o
ac_cv_path_EGREP='/bin/grep -E'
ac_cv_path_FGREP='/bin/grep -F'
ac_cv_path_GREP=/bin/grep
ac_cv_path_SED=/bin/sed
ac_cv_path_ac_pt_PKG_CONFIG=/usr/bin/pkg-config
ac_cv_path_install='/usr/bin/install -c'
ac_cv_path_lt_DD=/bin/dd
ac_cv_path_mkdir=/bin/mkdir
ac_cv_prog_AWK=gawk
ac_cv_prog_CC_FULL=gcc
ac_cv_prog_CPP='gcc -E'
ac_cv_prog_CXXCPP='g++ -E'
ac_cv_prog_CXX_FULL=g++
ac_cv_prog_ac_ct_AR=ar
ac_cv_prog_ac_ct_CC=gcc
ac_cv_prog_ac_ct_CXX=g++
ac_cv_prog_ac_ct_MANIFEST_TOOL=mt
ac_cv_prog_ac_ct_OBJDUMP=objdump
ac_cv_prog_ac_ct_RANLIB=ranlib
ac_cv_prog_ac_ct_STRIP=strip
ac_cv_prog_cc_c89=
ac_cv_prog_cc_g=yes
ac_cv_prog_cxx_g=yes
ac_cv_prog_make_make_set=yes
ac_cv_safe_to_define___extensions__=yes
am_cv_CC_dependencies_compiler_type=gcc3
am_cv_CXX_dependencies_compiler_type=gcc3
am_cv_ar_interface=ar
am_cv_make_support_nested_variables=yes
am_cv_prog_cc_c_o=yes
ax_cv_cxx_compile_cxx11=yes
boost_cv_inc_path=no
boost_cv_version=no
lt_cv_ar_at_file=@
lt_cv_archive_cmds_need_lc=no
lt_cv_deplibs_check_method=pass_all
lt_cv_file_magic_cmd='$MAGIC_CMD'
lt_cv_file_magic_test_file=
lt_cv_ld_reload_flag=-r
lt_cv_nm_interface='BSD nm'
lt_cv_objdir=.libs
lt_cv_path_LD=/usr/bin/ld
lt_cv_path_LDCXX='/usr/bin/ld -m elf_x86_64'
lt_cv_path_NM='/usr/bin/nm -B'
lt_cv_path_mainfest_tool=no
lt_cv_prog_compiler_c_o=yes
lt_cv_prog_compiler_c_o_CXX=yes
lt_cv_prog_compiler_pic='-fPIC -DPIC'
lt_cv_prog_compiler_pic_CXX='-fPIC -DPIC'
lt_cv_prog_compiler_pic_works=yes
lt_cv_prog_compiler_pic_works_CXX=yes
lt_cv_prog_compiler_rtti_exceptions=no
lt_cv_prog_compiler_static_works=yes
lt_cv_prog_compiler_static_works_CXX=yes
lt_cv_prog_gnu_ld=yes
lt_cv_prog_gnu_ldcxx=yes
lt_cv_sharedlib_from_linklib_cmd='printf %s\n'
lt_cv_shlibpath_overrides_runpath=yes
lt_cv_sys_global_symbol_pipe='sed -n -e '\''s/^.*[	 ]\([ABCDGIRSTW][ABCDGIRSTW]*\)[	 ][	 ]*\([_A-Za-z][_A-Za-z0-9]*\)$/\1 \2 \2/p'\'' | sed '\''/ __gnu_lto/d'\'''
lt_cv_sys_global_symbol_to_c_name_address='sed -n -e '\''s/^: \(.*\) .*$/  {"\1", (void *) 0},/p'\'' -e '\''s/^[ABCDGIRSTW][ABCDGIRSTW]* .* \(.*\)$/  {"\1", (void *) \&\1},/p'\'''
lt_cv_sys_global_symbol_to_c_name_address_lib_prefix='sed -n -e '\''s/^: \(.*\) .*$/  {"\1", (void *) 0},/p'\'' -e '\''s/^[ABCDGIRSTW][ABCDGIRSTW]* .* \(lib.*\)$/  {"\1", (void *) \&\1},/p'\'' -e '\''s/^[ABCDGIRSTW][ABCDGIRSTW]* .* \(.*\)$/  {"lib\1", (void *) \&\1},/p'\'''
lt_cv_sys_global_symbol_to_cdecl='sed -n -e '\''s/^T .* \(.*\)$/extern int \1();/p'\'' -e '\''s/^[ABCDGIRSTW][ABCDGIRSTW]* .* \(.*\)$/extern char \1;/p'\'''
lt_cv_sys_global_symbol_to_import=
lt_cv_sys_max_cmd_len=1572864
lt_cv_to_host_file_cmd=func_convert_file_noop
lt_cv_to_tool_file_cmd=func_convert_file_noop
lt_cv_truncate_bin='/bin/dd bs=4096 count=1'

## ----------------- ##
## Output variables. ##
## ----------------- ##

ACLOCAL='${SHELL} "/home/zetdg/Dropbox/Targino ZH/00_LPII/final_project/include/gtkmm-plplot-2.2/build-aux/missing" aclocal-1.15'
AMDEPBACKSLASH='\'
AMDEP_FALSE='#'
AMDEP_TRUE=''
AMTAR='$${TAR-tar}'
AM_BACKSLASH='\'
AM_DEFAULT_V='$(AM_DEFAULT_VERBOSITY)'
AM_DEFAULT_VERBOSITY='1'
AM_V='$(V)'
AR='ar'
AUTOCONF='${SHELL} "/home/zetdg/Dropbox/Targino ZH/00_LPII/final_project/include/gtkmm-plplot-2.2/build-aux/missing" autoconf'
AUTOHEADER='${SHELL} "/home/zetdg/Dropbox/Targino ZH/00_LPII/final_project/include/gtkmm-plplot-2.2/build-aux/missing" autoheader'
AUTOMAKE='${SHELL} "/home/zetdg/Dropbox/Targino ZH/00_LPII/final_project/include/gtkmm-plplot-2.2/build-aux/missing" automake-1.15'
AWK='gawk'
BOOST_CPPFLAGS=''
BOOST_ROOT=''
CC='gcc'
CCDEPMODE='depmode=gcc3'
CC_FULL='gcc'
CFLAGS='-g -O2'
CPP='gcc -E'
CPPFLAGS=''
CXX='g++'
CXXCPP='g++ -E'
CXXDEPMODE='depmode=gcc3'
CXXFLAGS='-g -O2'
CXX_FULL='g++'
CYGPATH_W='echo'
DEFS=''
DEPDIR='.deps'
DISTCHECK_CONFIGURE_FLAGS=' '\''--with-boost='\'''
DIST_DOCTOOLS_FALSE='#'
DIST_DOCTOOLS_TRUE=''
DLLTOOL='false'
DOCINSTALL_FLAGS=''
DOT=''
DOXYGEN=''
DOXYGEN_TAGFILES=''
DSYMUTIL=''
DUMPBIN=''
ECHO_C=''
ECHO_N='-n'
ECHO_T=''
EGREP='/bin/grep -E'
ENABLE_DOCUMENTATION_FALSE=''
ENABLE_DOCUMENTATION_TRUE=''
EXEEXT=''
FGREP='/bin/grep -F'
GREP='/bin/grep'
GTKMM_PLPLOT_API_VERSION='2.0'
GTKMM_PLPLOT_MAJOR_VERSION='2'
GTKMM_PLPLOT_MINOR_VERSION='2'
GTKMM_PLPLOT_MODULE_NAME='gtkmm-plplot-2.0'
GTKMM_PLPLOT_VERSION='2.2'
HAVE_CXX11=''
INSTALL_DATA='${INSTALL} -m 644'
INSTALL_PROGRAM='${INSTALL}'
INSTALL_SCRIPT='${INSTALL}'
INSTALL_STRIP_PROGRAM='$(install_sh) -c -s'
LD='/usr/bin/ld -m elf_x86_64'
LDFLAGS=''
LIBOBJS=''
LIBS=''
LIBTOOL='$(SHELL) $(top_builddir)/libtool'
LIB_AGE='0'
LIB_CURRENT='1'
LIB_CURRENT_MINUS_AGE='1'
LIB_REVISION='0'
LIPO=''
LN_S='ln -s'
LTLIBOBJS=''
LT_SYS_LIBRARY_PATH=''
MAKEINFO='${SHELL} "/home/zetdg/Dropbox/Targino ZH/00_LPII/final_project/include/gtkmm-plplot-2.2/build-aux/missing" makeinfo'
MANIFEST_TOOL=':'
MKDIR_P='/bin/mkdir -p'
MMDOCTOOLDIR='${top_srcdir}/docs'
NM='/usr/bin/nm -B'
NMEDIT=''
OBJDUMP='objdump'
OBJEXT='o'
OS_WINDOWS='0'
OS_WINDOWS_32='0'
OS_WINDOWS_32_FALSE=''
OS_WINDOWS_32_TRUE='#'
OS_WINDOWS_64='0'
OS_WINDOWS_64_FALSE=''
OS_WINDOWS_64_TRUE='#'
OS_WINDOWS_FALSE=''
OS_WINDOWS_TRUE='#'
OTOOL64=''
OTOOL=''
PACKAGE='gtkmm-plplot'
PACKAGE_BUGREPORT='tom.schoonjans@me.com'
PACKAGE_NAME='gtkmm-plplot'
PACKAGE_STRING='gtkmm-plplot 2.2'
PACKAGE_TARNAME='gtkmm-plplot'
PACKAGE_URL='https://github.com/tschoonj/gtkmm-plplot'
PACKAGE_VERSION='2.2'
PATH_SEPARATOR=':'
PERL=''
PKG_CONFIG='/usr/bin/pkg-config'
PKG_CONFIG_LIBDIR=''
PKG_CONFIG_PATH=''
PLPLOT_CXX=''
RANLIB='ranlib'
SED='/bin/sed'
SET_MAKE=''
SHELL='/bin/bash'
STRIP='strip'
VERSION='2.2'
WINDRES_ARCH=''
XSLTPROC=''
ac_ct_AR='ar'
ac_ct_CC='gcc'
ac_ct_CXX='g++'
ac_ct_DUMPBIN=''
am__EXEEXT_FALSE=''
am__EXEEXT_TRUE=''
am__fastdepCC_FALSE='#'
am__fastdepCC_TRUE=''
am__fastdepCXX_FALSE='#'
am__fastdepCXX_TRUE=''
am__include='include'
am__isrc=''
am__leading_dot='.'
am__nodep='_no'
am__quote=''
am__tar='$${TAR-tar} chof - "$$tardir"'
am__untar='$${TAR-tar} xf -'
bindir='${exec_prefix}/bin'
build='x86_64-unknown-linux-gnu'
build_alias=''
build_cpu='x86_64'
build_os='linux-gnu'
build_vendor='unknown'
datadir='${datarootdir}'
datarootdir='${prefix}/share'
docdir='${datarootdir}/doc/${PACKAGE_TARNAME}'
dvidir='${docdir}'
exec_prefix='NONE'
gtkmm_CFLAGS=''
gtkmm_LIBS=''
host='x86_64-unknown-linux-gnu'
host_alias=''
host_cpu='x86_64'
host_os='linux-gnu'
host_vendor='unknown'
htmldir='${docdir}'
includedir='${prefix}/include'
infodir='${datarootdir}/info'
install_sh='${SHELL} '\''/home/zetdg/Dropbox/Targino ZH/00_LPII/final_project/include/gtkmm-plplot-2.2/build-aux/install-sh'\'''
libdir='${exec_prefix}/lib'
libexecdir='${exec_prefix}/libexec'
localedir='${datarootdir}/locale'
localstatedir='${prefix}/var'
mandir='${datarootdir}/man'
mkdir_p='$(MKDIR_P)'
oldincludedir='/usr/include'
pdfdir='${docdir}'
plplotcxx_CFLAGS=''
plplotcxx_LIBS=''
prefix='NONE'
program_transform_name='s,x,x,'
psdir='${docdir}'
sbindir='${exec_prefix}/sbin'
sharedstatedir='${prefix}/com'
sysconfdir='${prefix}/etc'
target_alias=''

## ----------- ##
## confdefs.h. ##
## ----------- ##

/* confdefs.h */
#define PACKAGE_NAME "gtkmm-plplot"
#define PACKAGE_TARNAME "gtkmm-plplot"
#define PACKAGE_VERSION "2.2"
#define PACKAGE_STRING "gtkmm-plplot 2.2"
#define PACKAGE_BUGREPORT "tom.schoonjans@me.com"
#define PACKAGE_URL "https://github.com/tschoonj/gtkmm-plplot"
#define PACKAGE "gtkmm-plplot"
#define VERSION "2.2"
#define STDC_HEADERS 1
#define HAVE_SYS_TYPES_H 1
#define HAVE_SYS_STAT_H 1
#define HAVE_STDLIB_H 1
#define HAVE_STRING_H 1
#define HAVE_MEMORY_H 1
#define HAVE_STRINGS_H 1
#define HAVE_INTTYPES_H 1
#define HAVE_STDINT_H 1
#define HAVE_UNISTD_H 1
#define __EXTENSIONS__ 1
#define _ALL_SOURCE 1
#define _GNU_SOURCE 1
#define _POSIX_PTHREAD_SEMANTICS 1
#define _TANDEM_SOURCE 1
#define HAVE_DLFCN_H 1
#define LT_OBJDIR ".libs/"
#define GTKMM_PLPLOT_MAJOR_VERSION 2
#define GTKMM_PLPLOT_MINOR_VERSION 2

configure: exit 1
